2024-12-17T06:14:11.682+05:30  INFO 25372 --- [FuelBackend] [main] c.k.FuelBackend.FuelBackendApplication   : Starting FuelBackendApplication using Java 23.0.1 with PID 25372 (C:\Users\thush\Desktop\project-kln\FuelBackend\target\classes started by thush in C:\Users\thush\Desktop\project-kln\FuelBackend)
2024-12-17T06:14:11.698+05:30  INFO 25372 --- [FuelBackend] [main] c.k.FuelBackend.FuelBackendApplication   : No active profile set, falling back to 1 default profile: "default"
2024-12-17T06:14:12.776+05:30  INFO 25372 --- [FuelBackend] [main] .s.d.r.c.RepositoryConfigurationDelegate : Bootstrapping Spring Data JPA repositories in DEFAULT mode.
2024-12-17T06:14:12.858+05:30  INFO 25372 --- [FuelBackend] [main] .s.d.r.c.RepositoryConfigurationDelegate : Finished Spring Data repository scanning in 68 ms. Found 1 JPA repository interface.
2024-12-17T06:14:13.565+05:30  INFO 25372 --- [FuelBackend] [main] o.s.b.w.embedded.tomcat.TomcatWebServer  : Tomcat initialized with port 8080 (http)
2024-12-17T06:14:13.582+05:30  INFO 25372 --- [FuelBackend] [main] o.apache.catalina.core.StandardService   : Starting service [Tomcat]
2024-12-17T06:14:13.582+05:30  INFO 25372 --- [FuelBackend] [main] o.apache.catalina.core.StandardEngine    : Starting Servlet engine: [Apache Tomcat/10.1.33]
2024-12-17T06:14:13.654+05:30  INFO 25372 --- [FuelBackend] [main] o.a.c.c.C.[Tomcat].[localhost].[/]       : Initializing Spring embedded WebApplicationContext
2024-12-17T06:14:13.655+05:30  INFO 25372 --- [FuelBackend] [main] w.s.c.ServletWebServerApplicationContext : Root WebApplicationContext: initialization completed in 1864 ms
2024-12-17T06:14:13.902+05:30  INFO 25372 --- [FuelBackend] [main] o.hibernate.jpa.internal.util.LogHelper  : HHH000204: Processing PersistenceUnitInfo [name: default]
2024-12-17T06:14:13.978+05:30  INFO 25372 --- [FuelBackend] [main] org.hibernate.Version                    : HHH000412: Hibernate ORM core version 6.6.2.Final
2024-12-17T06:14:14.024+05:30  INFO 25372 --- [FuelBackend] [main] o.h.c.internal.RegionFactoryInitiator    : HHH000026: Second-level cache disabled
2024-12-17T06:14:14.492+05:30  INFO 25372 --- [FuelBackend] [main] o.s.o.j.p.SpringPersistenceUnitInfo      : No LoadTimeWeaver setup: ignoring JPA class transformer
2024-12-17T06:14:14.525+05:30  INFO 25372 --- [FuelBackend] [main] com.zaxxer.hikari.HikariDataSource       : HikariPool-1 - Starting...
2024-12-17T06:14:14.530+05:30  WARN 25372 --- [FuelBackend] [main] c.zaxxer.hikari.util.DriverDataSource    : Registered driver with driverClassName=com.mysql.jdbc.Driver was not found, trying direct instantiation.
2024-12-17T06:14:15.015+05:30  INFO 25372 --- [FuelBackend] [main] com.zaxxer.hikari.pool.HikariPool        : HikariPool-1 - Added connection com.mysql.cj.jdbc.ConnectionImpl@6451a288
2024-12-17T06:14:15.018+05:30  INFO 25372 --- [FuelBackend] [main] com.zaxxer.hikari.HikariDataSource       : HikariPool-1 - Start completed.
2024-12-17T06:14:15.082+05:30  WARN 25372 --- [FuelBackend] [main] org.hibernate.orm.deprecation            : HHH90000025: MySQLDialect does not need to be specified explicitly using 'hibernate.dialect' (remove the property setting and it will be selected by default)
2024-12-17T06:14:15.110+05:30  INFO 25372 --- [FuelBackend] [main] org.hibernate.orm.connections.pooling    : HHH10001005: Database info:
	Database JDBC URL [Connecting through datasource 'HikariDataSource (HikariPool-1)']
	Database driver: undefined/unknown
	Database version: 8.0.36
	Autocommit mode: undefined/unknown
	Isolation level: undefined/unknown
	Minimum pool size: undefined/unknown
	Maximum pool size: undefined/unknown
2024-12-17T06:14:16.127+05:30  INFO 25372 --- [FuelBackend] [main] o.h.e.t.j.p.i.JtaPlatformInitiator       : HHH000489: No JTA platform available (set 'hibernate.transaction.jta.platform' to enable JTA platform integration)
2024-12-17T06:14:16.205+05:30  INFO 25372 --- [FuelBackend] [main] j.LocalContainerEntityManagerFactoryBean : Initialized JPA EntityManagerFactory for persistence unit 'default'
2024-12-17T06:14:16.225+05:30  WARN 25372 --- [FuelBackend] [main] ConfigServletWebServerApplicationContext : Exception encountered during context initialization - cancelling refresh attempt: org.springframework.beans.factory.UnsatisfiedDependencyException: Error creating bean with name 'userController' defined in file [C:\Users\thush\Desktop\project-kln\FuelBackend\target\classes\com\kln\FuelBackend\controller\UserController.class]: Unsatisfied dependency expressed through constructor parameter 0: No qualifying bean of type 'com.kln.FuelBackend.service.userService.UserServiceRepository' available: expected at least 1 bean which qualifies as autowire candidate. Dependency annotations: {}
2024-12-17T06:14:16.226+05:30  INFO 25372 --- [FuelBackend] [main] j.LocalContainerEntityManagerFactoryBean : Closing JPA EntityManagerFactory for persistence unit 'default'
2024-12-17T06:14:16.230+05:30  INFO 25372 --- [FuelBackend] [main] com.zaxxer.hikari.HikariDataSource       : HikariPool-1 - Shutdown initiated...
2024-12-17T06:14:16.248+05:30  INFO 25372 --- [FuelBackend] [main] com.zaxxer.hikari.HikariDataSource       : HikariPool-1 - Shutdown completed.
2024-12-17T06:14:16.250+05:30  INFO 25372 --- [FuelBackend] [main] o.apache.catalina.core.StandardService   : Stopping service [Tomcat]
2024-12-17T06:14:16.264+05:30  INFO 25372 --- [FuelBackend] [main] .s.b.a.l.ConditionEvaluationReportLogger : 

Error starting ApplicationContext. To display the condition evaluation report re-run your application with 'debug' enabled.
2024-12-17T06:14:16.301+05:30 ERROR 25372 --- [FuelBackend] [main] o.s.b.d.LoggingFailureAnalysisReporter   : 

***************************
APPLICATION FAILED TO START
***************************

Description:

Parameter 0 of constructor in com.kln.FuelBackend.controller.UserController required a bean of type 'com.kln.FuelBackend.service.userService.UserServiceRepository' that could not be found.


Action:

Consider defining a bean of type 'com.kln.FuelBackend.service.userService.UserServiceRepository' in your configuration.

2024-12-17T06:15:16.158+05:30  INFO 23356 --- [FuelBackend] [main] c.k.FuelBackend.FuelBackendApplication   : Starting FuelBackendApplication using Java 23.0.1 with PID 23356 (C:\Users\thush\Desktop\project-kln\FuelBackend\target\classes started by thush in C:\Users\thush\Desktop\project-kln\FuelBackend)
2024-12-17T06:15:16.161+05:30  INFO 23356 --- [FuelBackend] [main] c.k.FuelBackend.FuelBackendApplication   : No active profile set, falling back to 1 default profile: "default"
2024-12-17T06:15:17.121+05:30  INFO 23356 --- [FuelBackend] [main] .s.d.r.c.RepositoryConfigurationDelegate : Bootstrapping Spring Data JPA repositories in DEFAULT mode.
2024-12-17T06:15:17.206+05:30  INFO 23356 --- [FuelBackend] [main] .s.d.r.c.RepositoryConfigurationDelegate : Finished Spring Data repository scanning in 72 ms. Found 1 JPA repository interface.
2024-12-17T06:15:17.901+05:30  INFO 23356 --- [FuelBackend] [main] o.s.b.w.embedded.tomcat.TomcatWebServer  : Tomcat initialized with port 8080 (http)
2024-12-17T06:15:17.925+05:30  INFO 23356 --- [FuelBackend] [main] o.apache.catalina.core.StandardService   : Starting service [Tomcat]
2024-12-17T06:15:17.925+05:30  INFO 23356 --- [FuelBackend] [main] o.apache.catalina.core.StandardEngine    : Starting Servlet engine: [Apache Tomcat/10.1.33]
2024-12-17T06:15:17.999+05:30  INFO 23356 --- [FuelBackend] [main] o.a.c.c.C.[Tomcat].[localhost].[/]       : Initializing Spring embedded WebApplicationContext
2024-12-17T06:15:18.000+05:30  INFO 23356 --- [FuelBackend] [main] w.s.c.ServletWebServerApplicationContext : Root WebApplicationContext: initialization completed in 1748 ms
2024-12-17T06:15:18.246+05:30  INFO 23356 --- [FuelBackend] [main] o.hibernate.jpa.internal.util.LogHelper  : HHH000204: Processing PersistenceUnitInfo [name: default]
2024-12-17T06:15:18.309+05:30  INFO 23356 --- [FuelBackend] [main] org.hibernate.Version                    : HHH000412: Hibernate ORM core version 6.6.2.Final
2024-12-17T06:15:18.349+05:30  INFO 23356 --- [FuelBackend] [main] o.h.c.internal.RegionFactoryInitiator    : HHH000026: Second-level cache disabled
2024-12-17T06:15:18.683+05:30  INFO 23356 --- [FuelBackend] [main] o.s.o.j.p.SpringPersistenceUnitInfo      : No LoadTimeWeaver setup: ignoring JPA class transformer
2024-12-17T06:15:18.715+05:30  INFO 23356 --- [FuelBackend] [main] com.zaxxer.hikari.HikariDataSource       : HikariPool-1 - Starting...
2024-12-17T06:15:18.720+05:30  WARN 23356 --- [FuelBackend] [main] c.zaxxer.hikari.util.DriverDataSource    : Registered driver with driverClassName=com.mysql.jdbc.Driver was not found, trying direct instantiation.
2024-12-17T06:15:19.086+05:30  INFO 23356 --- [FuelBackend] [main] com.zaxxer.hikari.pool.HikariPool        : HikariPool-1 - Added connection com.mysql.cj.jdbc.ConnectionImpl@1d637673
2024-12-17T06:15:19.088+05:30  INFO 23356 --- [FuelBackend] [main] com.zaxxer.hikari.HikariDataSource       : HikariPool-1 - Start completed.
2024-12-17T06:15:19.147+05:30  WARN 23356 --- [FuelBackend] [main] org.hibernate.orm.deprecation            : HHH90000025: MySQLDialect does not need to be specified explicitly using 'hibernate.dialect' (remove the property setting and it will be selected by default)
2024-12-17T06:15:19.171+05:30  INFO 23356 --- [FuelBackend] [main] org.hibernate.orm.connections.pooling    : HHH10001005: Database info:
	Database JDBC URL [Connecting through datasource 'HikariDataSource (HikariPool-1)']
	Database driver: undefined/unknown
	Database version: 8.0.36
	Autocommit mode: undefined/unknown
	Isolation level: undefined/unknown
	Minimum pool size: undefined/unknown
	Maximum pool size: undefined/unknown
2024-12-17T06:15:20.045+05:30  INFO 23356 --- [FuelBackend] [main] o.h.e.t.j.p.i.JtaPlatformInitiator       : HHH000489: No JTA platform available (set 'hibernate.transaction.jta.platform' to enable JTA platform integration)
2024-12-17T06:15:20.099+05:30  INFO 23356 --- [FuelBackend] [main] j.LocalContainerEntityManagerFactoryBean : Initialized JPA EntityManagerFactory for persistence unit 'default'
2024-12-17T06:15:20.114+05:30  WARN 23356 --- [FuelBackend] [main] ConfigServletWebServerApplicationContext : Exception encountered during context initialization - cancelling refresh attempt: org.springframework.beans.factory.UnsatisfiedDependencyException: Error creating bean with name 'userController' defined in file [C:\Users\thush\Desktop\project-kln\FuelBackend\target\classes\com\kln\FuelBackend\controller\UserController.class]: Unsatisfied dependency expressed through constructor parameter 0: No qualifying bean of type 'com.kln.FuelBackend.service.userService.UserServiceRepository' available: expected at least 1 bean which qualifies as autowire candidate. Dependency annotations: {}
2024-12-17T06:15:20.115+05:30  INFO 23356 --- [FuelBackend] [main] j.LocalContainerEntityManagerFactoryBean : Closing JPA EntityManagerFactory for persistence unit 'default'
2024-12-17T06:15:20.118+05:30  INFO 23356 --- [FuelBackend] [main] com.zaxxer.hikari.HikariDataSource       : HikariPool-1 - Shutdown initiated...
2024-12-17T06:15:20.128+05:30  INFO 23356 --- [FuelBackend] [main] com.zaxxer.hikari.HikariDataSource       : HikariPool-1 - Shutdown completed.
2024-12-17T06:15:20.130+05:30  INFO 23356 --- [FuelBackend] [main] o.apache.catalina.core.StandardService   : Stopping service [Tomcat]
2024-12-17T06:15:20.140+05:30  INFO 23356 --- [FuelBackend] [main] .s.b.a.l.ConditionEvaluationReportLogger : 

Error starting ApplicationContext. To display the condition evaluation report re-run your application with 'debug' enabled.
2024-12-17T06:15:20.165+05:30 ERROR 23356 --- [FuelBackend] [main] o.s.b.d.LoggingFailureAnalysisReporter   : 

***************************
APPLICATION FAILED TO START
***************************

Description:

Parameter 0 of constructor in com.kln.FuelBackend.controller.UserController required a bean of type 'com.kln.FuelBackend.service.userService.UserServiceRepository' that could not be found.


Action:

Consider defining a bean of type 'com.kln.FuelBackend.service.userService.UserServiceRepository' in your configuration.

2024-12-17T06:20:30.203+05:30  INFO 28084 --- [FuelBackend] [main] c.k.FuelBackend.FuelBackendApplication   : Starting FuelBackendApplication using Java 23.0.1 with PID 28084 (C:\Users\thush\Desktop\project-kln\FuelBackend\target\classes started by thush in C:\Users\thush\Desktop\project-kln\FuelBackend)
2024-12-17T06:20:30.206+05:30  INFO 28084 --- [FuelBackend] [main] c.k.FuelBackend.FuelBackendApplication   : No active profile set, falling back to 1 default profile: "default"
2024-12-17T06:20:31.800+05:30  INFO 28084 --- [FuelBackend] [main] .s.d.r.c.RepositoryConfigurationDelegate : Bootstrapping Spring Data JPA repositories in DEFAULT mode.
2024-12-17T06:20:31.919+05:30  INFO 28084 --- [FuelBackend] [main] .s.d.r.c.RepositoryConfigurationDelegate : Finished Spring Data repository scanning in 88 ms. Found 1 JPA repository interface.
2024-12-17T06:20:32.748+05:30  INFO 28084 --- [FuelBackend] [main] o.s.b.w.embedded.tomcat.TomcatWebServer  : Tomcat initialized with port 8080 (http)
2024-12-17T06:20:32.774+05:30  INFO 28084 --- [FuelBackend] [main] o.apache.catalina.core.StandardService   : Starting service [Tomcat]
2024-12-17T06:20:32.774+05:30  INFO 28084 --- [FuelBackend] [main] o.apache.catalina.core.StandardEngine    : Starting Servlet engine: [Apache Tomcat/10.1.33]
2024-12-17T06:20:32.870+05:30  INFO 28084 --- [FuelBackend] [main] o.a.c.c.C.[Tomcat].[localhost].[/]       : Initializing Spring embedded WebApplicationContext
2024-12-17T06:20:32.870+05:30  INFO 28084 --- [FuelBackend] [main] w.s.c.ServletWebServerApplicationContext : Root WebApplicationContext: initialization completed in 2221 ms
2024-12-17T06:20:33.288+05:30  INFO 28084 --- [FuelBackend] [main] o.hibernate.jpa.internal.util.LogHelper  : HHH000204: Processing PersistenceUnitInfo [name: default]
2024-12-17T06:20:33.368+05:30  INFO 28084 --- [FuelBackend] [main] org.hibernate.Version                    : HHH000412: Hibernate ORM core version 6.6.2.Final
2024-12-17T06:20:33.422+05:30  INFO 28084 --- [FuelBackend] [main] o.h.c.internal.RegionFactoryInitiator    : HHH000026: Second-level cache disabled
2024-12-17T06:20:33.831+05:30  INFO 28084 --- [FuelBackend] [main] o.s.o.j.p.SpringPersistenceUnitInfo      : No LoadTimeWeaver setup: ignoring JPA class transformer
2024-12-17T06:20:33.878+05:30  INFO 28084 --- [FuelBackend] [main] com.zaxxer.hikari.HikariDataSource       : HikariPool-1 - Starting...
2024-12-17T06:20:33.883+05:30  WARN 28084 --- [FuelBackend] [main] c.zaxxer.hikari.util.DriverDataSource    : Registered driver with driverClassName=com.mysql.jdbc.Driver was not found, trying direct instantiation.
2024-12-17T06:20:34.431+05:30  INFO 28084 --- [FuelBackend] [main] com.zaxxer.hikari.pool.HikariPool        : HikariPool-1 - Added connection com.mysql.cj.jdbc.ConnectionImpl@7b5833ee
2024-12-17T06:20:34.433+05:30  INFO 28084 --- [FuelBackend] [main] com.zaxxer.hikari.HikariDataSource       : HikariPool-1 - Start completed.
2024-12-17T06:20:34.495+05:30  WARN 28084 --- [FuelBackend] [main] org.hibernate.orm.deprecation            : HHH90000025: MySQLDialect does not need to be specified explicitly using 'hibernate.dialect' (remove the property setting and it will be selected by default)
2024-12-17T06:20:34.526+05:30  INFO 28084 --- [FuelBackend] [main] org.hibernate.orm.connections.pooling    : HHH10001005: Database info:
	Database JDBC URL [Connecting through datasource 'HikariDataSource (HikariPool-1)']
	Database driver: undefined/unknown
	Database version: 8.0.36
	Autocommit mode: undefined/unknown
	Isolation level: undefined/unknown
	Minimum pool size: undefined/unknown
	Maximum pool size: undefined/unknown
2024-12-17T06:20:35.680+05:30  INFO 28084 --- [FuelBackend] [main] o.h.e.t.j.p.i.JtaPlatformInitiator       : HHH000489: No JTA platform available (set 'hibernate.transaction.jta.platform' to enable JTA platform integration)
2024-12-17T06:20:35.756+05:30  INFO 28084 --- [FuelBackend] [main] j.LocalContainerEntityManagerFactoryBean : Initialized JPA EntityManagerFactory for persistence unit 'default'
2024-12-17T06:20:35.775+05:30  WARN 28084 --- [FuelBackend] [main] ConfigServletWebServerApplicationContext : Exception encountered during context initialization - cancelling refresh attempt: org.springframework.beans.factory.UnsatisfiedDependencyException: Error creating bean with name 'userController' defined in file [C:\Users\thush\Desktop\project-kln\FuelBackend\target\classes\com\kln\FuelBackend\controller\UserController.class]: Unsatisfied dependency expressed through constructor parameter 0: No qualifying bean of type 'com.kln.FuelBackend.service.userService.UserServiceRepository' available: expected at least 1 bean which qualifies as autowire candidate. Dependency annotations: {}
2024-12-17T06:20:35.775+05:30  INFO 28084 --- [FuelBackend] [main] j.LocalContainerEntityManagerFactoryBean : Closing JPA EntityManagerFactory for persistence unit 'default'
2024-12-17T06:20:35.779+05:30  INFO 28084 --- [FuelBackend] [main] com.zaxxer.hikari.HikariDataSource       : HikariPool-1 - Shutdown initiated...
2024-12-17T06:20:35.791+05:30  INFO 28084 --- [FuelBackend] [main] com.zaxxer.hikari.HikariDataSource       : HikariPool-1 - Shutdown completed.
2024-12-17T06:20:35.793+05:30  INFO 28084 --- [FuelBackend] [main] o.apache.catalina.core.StandardService   : Stopping service [Tomcat]
2024-12-17T06:20:35.807+05:30  INFO 28084 --- [FuelBackend] [main] .s.b.a.l.ConditionEvaluationReportLogger : 

Error starting ApplicationContext. To display the condition evaluation report re-run your application with 'debug' enabled.
2024-12-17T06:20:35.841+05:30 ERROR 28084 --- [FuelBackend] [main] o.s.b.d.LoggingFailureAnalysisReporter   : 

***************************
APPLICATION FAILED TO START
***************************

Description:

Parameter 0 of constructor in com.kln.FuelBackend.controller.UserController required a bean of type 'com.kln.FuelBackend.service.userService.UserServiceRepository' that could not be found.


Action:

Consider defining a bean of type 'com.kln.FuelBackend.service.userService.UserServiceRepository' in your configuration.

2024-12-17T06:24:30.450+05:30  INFO 32680 --- [FuelBackend] [main] c.k.FuelBackend.FuelBackendApplication   : Starting FuelBackendApplication using Java 23.0.1 with PID 32680 (C:\Users\thush\Desktop\project-kln\FuelBackend\target\classes started by thush in C:\Users\thush\Desktop\project-kln\FuelBackend)
2024-12-17T06:24:30.454+05:30  INFO 32680 --- [FuelBackend] [main] c.k.FuelBackend.FuelBackendApplication   : No active profile set, falling back to 1 default profile: "default"
2024-12-17T06:24:31.549+05:30  INFO 32680 --- [FuelBackend] [main] .s.d.r.c.RepositoryConfigurationDelegate : Bootstrapping Spring Data JPA repositories in DEFAULT mode.
2024-12-17T06:24:31.676+05:30  INFO 32680 --- [FuelBackend] [main] .s.d.r.c.RepositoryConfigurationDelegate : Finished Spring Data repository scanning in 112 ms. Found 1 JPA repository interface.
2024-12-17T06:24:32.448+05:30  INFO 32680 --- [FuelBackend] [main] o.s.b.w.embedded.tomcat.TomcatWebServer  : Tomcat initialized with port 8080 (http)
2024-12-17T06:24:32.473+05:30  INFO 32680 --- [FuelBackend] [main] o.apache.catalina.core.StandardService   : Starting service [Tomcat]
2024-12-17T06:24:32.474+05:30  INFO 32680 --- [FuelBackend] [main] o.apache.catalina.core.StandardEngine    : Starting Servlet engine: [Apache Tomcat/10.1.33]
2024-12-17T06:24:32.549+05:30  INFO 32680 --- [FuelBackend] [main] o.a.c.c.C.[Tomcat].[localhost].[/]       : Initializing Spring embedded WebApplicationContext
2024-12-17T06:24:32.550+05:30  INFO 32680 --- [FuelBackend] [main] w.s.c.ServletWebServerApplicationContext : Root WebApplicationContext: initialization completed in 2010 ms
2024-12-17T06:24:32.811+05:30  INFO 32680 --- [FuelBackend] [main] o.hibernate.jpa.internal.util.LogHelper  : HHH000204: Processing PersistenceUnitInfo [name: default]
2024-12-17T06:24:32.905+05:30  INFO 32680 --- [FuelBackend] [main] org.hibernate.Version                    : HHH000412: Hibernate ORM core version 6.6.2.Final
2024-12-17T06:24:32.955+05:30  INFO 32680 --- [FuelBackend] [main] o.h.c.internal.RegionFactoryInitiator    : HHH000026: Second-level cache disabled
2024-12-17T06:24:33.292+05:30  INFO 32680 --- [FuelBackend] [main] o.s.o.j.p.SpringPersistenceUnitInfo      : No LoadTimeWeaver setup: ignoring JPA class transformer
2024-12-17T06:24:33.332+05:30  INFO 32680 --- [FuelBackend] [main] com.zaxxer.hikari.HikariDataSource       : HikariPool-1 - Starting...
2024-12-17T06:24:33.337+05:30  WARN 32680 --- [FuelBackend] [main] c.zaxxer.hikari.util.DriverDataSource    : Registered driver with driverClassName=com.mysql.jdbc.Driver was not found, trying direct instantiation.
2024-12-17T06:24:33.771+05:30  INFO 32680 --- [FuelBackend] [main] com.zaxxer.hikari.pool.HikariPool        : HikariPool-1 - Added connection com.mysql.cj.jdbc.ConnectionImpl@3f06ebe0
2024-12-17T06:24:33.778+05:30  INFO 32680 --- [FuelBackend] [main] com.zaxxer.hikari.HikariDataSource       : HikariPool-1 - Start completed.
2024-12-17T06:24:33.841+05:30  WARN 32680 --- [FuelBackend] [main] org.hibernate.orm.deprecation            : HHH90000025: MySQLDialect does not need to be specified explicitly using 'hibernate.dialect' (remove the property setting and it will be selected by default)
2024-12-17T06:24:33.868+05:30  INFO 32680 --- [FuelBackend] [main] org.hibernate.orm.connections.pooling    : HHH10001005: Database info:
	Database JDBC URL [Connecting through datasource 'HikariDataSource (HikariPool-1)']
	Database driver: undefined/unknown
	Database version: 8.0.36
	Autocommit mode: undefined/unknown
	Isolation level: undefined/unknown
	Minimum pool size: undefined/unknown
	Maximum pool size: undefined/unknown
2024-12-17T06:24:34.913+05:30  INFO 32680 --- [FuelBackend] [main] o.h.e.t.j.p.i.JtaPlatformInitiator       : HHH000489: No JTA platform available (set 'hibernate.transaction.jta.platform' to enable JTA platform integration)
2024-12-17T06:24:34.980+05:30  INFO 32680 --- [FuelBackend] [main] j.LocalContainerEntityManagerFactoryBean : Initialized JPA EntityManagerFactory for persistence unit 'default'
2024-12-17T06:24:35.379+05:30  WARN 32680 --- [FuelBackend] [main] JpaBaseConfiguration$JpaWebConfiguration : spring.jpa.open-in-view is enabled by default. Therefore, database queries may be performed during view rendering. Explicitly configure spring.jpa.open-in-view to disable this warning
2024-12-17T06:24:35.955+05:30  INFO 32680 --- [FuelBackend] [main] o.s.b.w.embedded.tomcat.TomcatWebServer  : Tomcat started on port 8080 (http) with context path '/'
2024-12-17T06:24:35.965+05:30  INFO 32680 --- [FuelBackend] [main] c.k.FuelBackend.FuelBackendApplication   : Started FuelBackendApplication in 6.217 seconds (process running for 6.763)
2024-12-17T06:25:15.466+05:30  INFO 32680 --- [FuelBackend] [http-nio-8080-exec-2] o.a.c.c.C.[Tomcat].[localhost].[/]       : Initializing Spring DispatcherServlet 'dispatcherServlet'
2024-12-17T06:25:15.466+05:30  INFO 32680 --- [FuelBackend] [http-nio-8080-exec-2] o.s.web.servlet.DispatcherServlet        : Initializing Servlet 'dispatcherServlet'
2024-12-17T06:25:15.469+05:30  INFO 32680 --- [FuelBackend] [http-nio-8080-exec-2] o.s.web.servlet.DispatcherServlet        : Completed initialization in 3 ms
2024-12-17T06:26:56.863+05:30  WARN 32680 --- [FuelBackend] [http-nio-8080-exec-4] o.h.engine.jdbc.spi.SqlExceptionHelper   : SQL Error: 1062, SQLState: 23000
2024-12-17T06:26:56.864+05:30 ERROR 32680 --- [FuelBackend] [http-nio-8080-exec-4] o.h.engine.jdbc.spi.SqlExceptionHelper   : Duplicate entry 'thushanmadhusanka4@gmail.com' for key 'user.UKob8kqyqqgmefl0aco34akdtpe'
2024-12-17T06:32:58.408+05:30  INFO 32680 --- [FuelBackend] [SpringApplicationShutdownHook] o.s.b.w.e.tomcat.GracefulShutdown        : Commencing graceful shutdown. Waiting for active requests to complete
2024-12-17T06:32:58.414+05:30  INFO 32680 --- [FuelBackend] [tomcat-shutdown] o.s.b.w.e.tomcat.GracefulShutdown        : Graceful shutdown complete
2024-12-17T06:32:58.419+05:30  INFO 32680 --- [FuelBackend] [SpringApplicationShutdownHook] j.LocalContainerEntityManagerFactoryBean : Closing JPA EntityManagerFactory for persistence unit 'default'
2024-12-17T06:32:58.423+05:30  INFO 32680 --- [FuelBackend] [SpringApplicationShutdownHook] com.zaxxer.hikari.HikariDataSource       : HikariPool-1 - Shutdown initiated...
2024-12-17T06:32:58.433+05:30  INFO 32680 --- [FuelBackend] [SpringApplicationShutdownHook] com.zaxxer.hikari.HikariDataSource       : HikariPool-1 - Shutdown completed.
2024-12-17T06:33:08.599+05:30  INFO 14500 --- [FuelBackend] [main] c.k.FuelBackend.FuelBackendApplication   : Starting FuelBackendApplication using Java 23.0.1 with PID 14500 (C:\Users\thush\Desktop\project-kln\FuelBackend\target\classes started by thush in C:\Users\thush\Desktop\project-kln\FuelBackend)
2024-12-17T06:33:08.601+05:30  INFO 14500 --- [FuelBackend] [main] c.k.FuelBackend.FuelBackendApplication   : No active profile set, falling back to 1 default profile: "default"
2024-12-17T06:33:09.611+05:30  INFO 14500 --- [FuelBackend] [main] .s.d.r.c.RepositoryConfigurationDelegate : Bootstrapping Spring Data JPA repositories in DEFAULT mode.
2024-12-17T06:33:09.723+05:30  INFO 14500 --- [FuelBackend] [main] .s.d.r.c.RepositoryConfigurationDelegate : Finished Spring Data repository scanning in 98 ms. Found 1 JPA repository interface.
2024-12-17T06:33:10.451+05:30  INFO 14500 --- [FuelBackend] [main] o.s.b.w.embedded.tomcat.TomcatWebServer  : Tomcat initialized with port 8080 (http)
2024-12-17T06:33:10.471+05:30  INFO 14500 --- [FuelBackend] [main] o.apache.catalina.core.StandardService   : Starting service [Tomcat]
2024-12-17T06:33:10.472+05:30  INFO 14500 --- [FuelBackend] [main] o.apache.catalina.core.StandardEngine    : Starting Servlet engine: [Apache Tomcat/10.1.33]
2024-12-17T06:33:10.547+05:30  INFO 14500 --- [FuelBackend] [main] o.a.c.c.C.[Tomcat].[localhost].[/]       : Initializing Spring embedded WebApplicationContext
2024-12-17T06:33:10.548+05:30  INFO 14500 --- [FuelBackend] [main] w.s.c.ServletWebServerApplicationContext : Root WebApplicationContext: initialization completed in 1874 ms
2024-12-17T06:33:10.802+05:30  INFO 14500 --- [FuelBackend] [main] o.hibernate.jpa.internal.util.LogHelper  : HHH000204: Processing PersistenceUnitInfo [name: default]
2024-12-17T06:33:10.892+05:30  INFO 14500 --- [FuelBackend] [main] org.hibernate.Version                    : HHH000412: Hibernate ORM core version 6.6.2.Final
2024-12-17T06:33:10.938+05:30  INFO 14500 --- [FuelBackend] [main] o.h.c.internal.RegionFactoryInitiator    : HHH000026: Second-level cache disabled
2024-12-17T06:33:11.339+05:30  INFO 14500 --- [FuelBackend] [main] o.s.o.j.p.SpringPersistenceUnitInfo      : No LoadTimeWeaver setup: ignoring JPA class transformer
2024-12-17T06:33:11.381+05:30  INFO 14500 --- [FuelBackend] [main] com.zaxxer.hikari.HikariDataSource       : HikariPool-1 - Starting...
2024-12-17T06:33:11.385+05:30  WARN 14500 --- [FuelBackend] [main] c.zaxxer.hikari.util.DriverDataSource    : Registered driver with driverClassName=com.mysql.jdbc.Driver was not found, trying direct instantiation.
2024-12-17T06:33:11.867+05:30  INFO 14500 --- [FuelBackend] [main] com.zaxxer.hikari.pool.HikariPool        : HikariPool-1 - Added connection com.mysql.cj.jdbc.ConnectionImpl@141bb6b8
2024-12-17T06:33:11.870+05:30  INFO 14500 --- [FuelBackend] [main] com.zaxxer.hikari.HikariDataSource       : HikariPool-1 - Start completed.
2024-12-17T06:33:11.937+05:30  WARN 14500 --- [FuelBackend] [main] org.hibernate.orm.deprecation            : HHH90000025: MySQLDialect does not need to be specified explicitly using 'hibernate.dialect' (remove the property setting and it will be selected by default)
2024-12-17T06:33:11.963+05:30  INFO 14500 --- [FuelBackend] [main] org.hibernate.orm.connections.pooling    : HHH10001005: Database info:
	Database JDBC URL [Connecting through datasource 'HikariDataSource (HikariPool-1)']
	Database driver: undefined/unknown
	Database version: 8.0.36
	Autocommit mode: undefined/unknown
	Isolation level: undefined/unknown
	Minimum pool size: undefined/unknown
	Maximum pool size: undefined/unknown
2024-12-17T06:33:12.865+05:30  INFO 14500 --- [FuelBackend] [main] o.h.e.t.j.p.i.JtaPlatformInitiator       : HHH000489: No JTA platform available (set 'hibernate.transaction.jta.platform' to enable JTA platform integration)
2024-12-17T06:33:12.918+05:30  INFO 14500 --- [FuelBackend] [main] j.LocalContainerEntityManagerFactoryBean : Initialized JPA EntityManagerFactory for persistence unit 'default'
2024-12-17T06:33:13.266+05:30  WARN 14500 --- [FuelBackend] [main] JpaBaseConfiguration$JpaWebConfiguration : spring.jpa.open-in-view is enabled by default. Therefore, database queries may be performed during view rendering. Explicitly configure spring.jpa.open-in-view to disable this warning
2024-12-17T06:33:13.682+05:30  INFO 14500 --- [FuelBackend] [main] o.s.b.w.embedded.tomcat.TomcatWebServer  : Tomcat started on port 8080 (http) with context path '/'
2024-12-17T06:33:13.695+05:30  INFO 14500 --- [FuelBackend] [main] c.k.FuelBackend.FuelBackendApplication   : Started FuelBackendApplication in 5.668 seconds (process running for 7.24)
2024-12-17T06:33:47.418+05:30  INFO 14500 --- [FuelBackend] [http-nio-8080-exec-2] o.a.c.c.C.[Tomcat].[localhost].[/]       : Initializing Spring DispatcherServlet 'dispatcherServlet'
2024-12-17T06:33:47.420+05:30  INFO 14500 --- [FuelBackend] [http-nio-8080-exec-2] o.s.web.servlet.DispatcherServlet        : Initializing Servlet 'dispatcherServlet'
2024-12-17T06:33:47.425+05:30  INFO 14500 --- [FuelBackend] [http-nio-8080-exec-2] o.s.web.servlet.DispatcherServlet        : Completed initialization in 5 ms
2024-12-17T06:37:23.213+05:30  WARN 14500 --- [FuelBackend] [http-nio-8080-exec-10] .w.s.m.s.DefaultHandlerExceptionResolver : Resolved [org.springframework.web.bind.MissingPathVariableException: Required URI template variable 'userId' for method parameter type Integer is not present]
2024-12-17T06:38:59.177+05:30  INFO 14500 --- [FuelBackend] [SpringApplicationShutdownHook] o.s.b.w.e.tomcat.GracefulShutdown        : Commencing graceful shutdown. Waiting for active requests to complete
2024-12-17T06:38:59.181+05:30  INFO 14500 --- [FuelBackend] [tomcat-shutdown] o.s.b.w.e.tomcat.GracefulShutdown        : Graceful shutdown complete
2024-12-17T06:38:59.185+05:30  INFO 14500 --- [FuelBackend] [SpringApplicationShutdownHook] j.LocalContainerEntityManagerFactoryBean : Closing JPA EntityManagerFactory for persistence unit 'default'
2024-12-17T06:38:59.188+05:30  INFO 14500 --- [FuelBackend] [SpringApplicationShutdownHook] com.zaxxer.hikari.HikariDataSource       : HikariPool-1 - Shutdown initiated...
2024-12-17T06:38:59.197+05:30  INFO 14500 --- [FuelBackend] [SpringApplicationShutdownHook] com.zaxxer.hikari.HikariDataSource       : HikariPool-1 - Shutdown completed.
2024-12-17T06:39:04.224+05:30  INFO 22108 --- [FuelBackend] [main] c.k.FuelBackend.FuelBackendApplication   : Starting FuelBackendApplication using Java 23.0.1 with PID 22108 (C:\Users\thush\Desktop\project-kln\FuelBackend\target\classes started by thush in C:\Users\thush\Desktop\project-kln\FuelBackend)
2024-12-17T06:39:04.227+05:30  INFO 22108 --- [FuelBackend] [main] c.k.FuelBackend.FuelBackendApplication   : No active profile set, falling back to 1 default profile: "default"
2024-12-17T06:39:05.167+05:30  INFO 22108 --- [FuelBackend] [main] .s.d.r.c.RepositoryConfigurationDelegate : Bootstrapping Spring Data JPA repositories in DEFAULT mode.
2024-12-17T06:39:05.257+05:30  INFO 22108 --- [FuelBackend] [main] .s.d.r.c.RepositoryConfigurationDelegate : Finished Spring Data repository scanning in 77 ms. Found 1 JPA repository interface.
2024-12-17T06:39:06.031+05:30  INFO 22108 --- [FuelBackend] [main] o.s.b.w.embedded.tomcat.TomcatWebServer  : Tomcat initialized with port 8080 (http)
2024-12-17T06:39:06.054+05:30  INFO 22108 --- [FuelBackend] [main] o.apache.catalina.core.StandardService   : Starting service [Tomcat]
2024-12-17T06:39:06.056+05:30  INFO 22108 --- [FuelBackend] [main] o.apache.catalina.core.StandardEngine    : Starting Servlet engine: [Apache Tomcat/10.1.33]
2024-12-17T06:39:06.122+05:30  INFO 22108 --- [FuelBackend] [main] o.a.c.c.C.[Tomcat].[localhost].[/]       : Initializing Spring embedded WebApplicationContext
2024-12-17T06:39:06.123+05:30  INFO 22108 --- [FuelBackend] [main] w.s.c.ServletWebServerApplicationContext : Root WebApplicationContext: initialization completed in 1823 ms
2024-12-17T06:39:06.349+05:30  INFO 22108 --- [FuelBackend] [main] o.hibernate.jpa.internal.util.LogHelper  : HHH000204: Processing PersistenceUnitInfo [name: default]
2024-12-17T06:39:06.421+05:30  INFO 22108 --- [FuelBackend] [main] org.hibernate.Version                    : HHH000412: Hibernate ORM core version 6.6.2.Final
2024-12-17T06:39:06.454+05:30  INFO 22108 --- [FuelBackend] [main] o.h.c.internal.RegionFactoryInitiator    : HHH000026: Second-level cache disabled
2024-12-17T06:39:06.757+05:30  INFO 22108 --- [FuelBackend] [main] o.s.o.j.p.SpringPersistenceUnitInfo      : No LoadTimeWeaver setup: ignoring JPA class transformer
2024-12-17T06:39:06.798+05:30  INFO 22108 --- [FuelBackend] [main] com.zaxxer.hikari.HikariDataSource       : HikariPool-1 - Starting...
2024-12-17T06:39:06.802+05:30  WARN 22108 --- [FuelBackend] [main] c.zaxxer.hikari.util.DriverDataSource    : Registered driver with driverClassName=com.mysql.jdbc.Driver was not found, trying direct instantiation.
2024-12-17T06:39:07.201+05:30  INFO 22108 --- [FuelBackend] [main] com.zaxxer.hikari.pool.HikariPool        : HikariPool-1 - Added connection com.mysql.cj.jdbc.ConnectionImpl@734f8317
2024-12-17T06:39:07.203+05:30  INFO 22108 --- [FuelBackend] [main] com.zaxxer.hikari.HikariDataSource       : HikariPool-1 - Start completed.
2024-12-17T06:39:07.260+05:30  WARN 22108 --- [FuelBackend] [main] org.hibernate.orm.deprecation            : HHH90000025: MySQLDialect does not need to be specified explicitly using 'hibernate.dialect' (remove the property setting and it will be selected by default)
2024-12-17T06:39:07.284+05:30  INFO 22108 --- [FuelBackend] [main] org.hibernate.orm.connections.pooling    : HHH10001005: Database info:
	Database JDBC URL [Connecting through datasource 'HikariDataSource (HikariPool-1)']
	Database driver: undefined/unknown
	Database version: 8.0.36
	Autocommit mode: undefined/unknown
	Isolation level: undefined/unknown
	Minimum pool size: undefined/unknown
	Maximum pool size: undefined/unknown
2024-12-17T06:39:08.166+05:30  INFO 22108 --- [FuelBackend] [main] o.h.e.t.j.p.i.JtaPlatformInitiator       : HHH000489: No JTA platform available (set 'hibernate.transaction.jta.platform' to enable JTA platform integration)
2024-12-17T06:39:08.216+05:30  INFO 22108 --- [FuelBackend] [main] j.LocalContainerEntityManagerFactoryBean : Initialized JPA EntityManagerFactory for persistence unit 'default'
2024-12-17T06:39:08.566+05:30  WARN 22108 --- [FuelBackend] [main] JpaBaseConfiguration$JpaWebConfiguration : spring.jpa.open-in-view is enabled by default. Therefore, database queries may be performed during view rendering. Explicitly configure spring.jpa.open-in-view to disable this warning
2024-12-17T06:39:08.658+05:30  WARN 22108 --- [FuelBackend] [main] ConfigServletWebServerApplicationContext : Exception encountered during context initialization - cancelling refresh attempt: org.springframework.beans.factory.BeanCreationException: Error creating bean with name 'requestMappingHandlerMapping' defined in class path resource [org/springframework/boot/autoconfigure/web/servlet/WebMvcAutoConfiguration$EnableWebMvcConfiguration.class]: Invalid mapping on handler class [com.kln.FuelBackend.controller.UserController]: public org.springframework.http.ResponseEntity com.kln.FuelBackend.controller.UserController.deleteUser(java.lang.Integer)
2024-12-17T06:39:08.658+05:30  INFO 22108 --- [FuelBackend] [main] j.LocalContainerEntityManagerFactoryBean : Closing JPA EntityManagerFactory for persistence unit 'default'
2024-12-17T06:39:08.661+05:30  INFO 22108 --- [FuelBackend] [main] com.zaxxer.hikari.HikariDataSource       : HikariPool-1 - Shutdown initiated...
2024-12-17T06:39:08.673+05:30  INFO 22108 --- [FuelBackend] [main] com.zaxxer.hikari.HikariDataSource       : HikariPool-1 - Shutdown completed.
2024-12-17T06:39:08.676+05:30  INFO 22108 --- [FuelBackend] [main] o.apache.catalina.core.StandardService   : Stopping service [Tomcat]
2024-12-17T06:39:08.687+05:30  INFO 22108 --- [FuelBackend] [main] .s.b.a.l.ConditionEvaluationReportLogger : 

Error starting ApplicationContext. To display the condition evaluation report re-run your application with 'debug' enabled.
2024-12-17T06:39:08.711+05:30 ERROR 22108 --- [FuelBackend] [main] o.s.b.d.LoggingFailureAnalysisReporter   : 

***************************
APPLICATION FAILED TO START
***************************

Description:

Invalid mapping pattern detected:
/{/userId}
  ^
Expected close capture character after variable name }

Action:

Fix this pattern in your application or switch to the legacy parser implementation with 'spring.mvc.pathmatch.matching-strategy=ant_path_matcher'.

2024-12-17T06:40:16.867+05:30  INFO 32900 --- [FuelBackend] [main] c.k.FuelBackend.FuelBackendApplication   : Starting FuelBackendApplication using Java 23.0.1 with PID 32900 (C:\Users\thush\Desktop\project-kln\FuelBackend\target\classes started by thush in C:\Users\thush\Desktop\project-kln\FuelBackend)
2024-12-17T06:40:16.870+05:30  INFO 32900 --- [FuelBackend] [main] c.k.FuelBackend.FuelBackendApplication   : No active profile set, falling back to 1 default profile: "default"
2024-12-17T06:40:17.860+05:30  INFO 32900 --- [FuelBackend] [main] .s.d.r.c.RepositoryConfigurationDelegate : Bootstrapping Spring Data JPA repositories in DEFAULT mode.
2024-12-17T06:40:17.947+05:30  INFO 32900 --- [FuelBackend] [main] .s.d.r.c.RepositoryConfigurationDelegate : Finished Spring Data repository scanning in 74 ms. Found 1 JPA repository interface.
2024-12-17T06:40:18.590+05:30  INFO 32900 --- [FuelBackend] [main] o.s.b.w.embedded.tomcat.TomcatWebServer  : Tomcat initialized with port 8080 (http)
2024-12-17T06:40:18.605+05:30  INFO 32900 --- [FuelBackend] [main] o.apache.catalina.core.StandardService   : Starting service [Tomcat]
2024-12-17T06:40:18.606+05:30  INFO 32900 --- [FuelBackend] [main] o.apache.catalina.core.StandardEngine    : Starting Servlet engine: [Apache Tomcat/10.1.33]
2024-12-17T06:40:18.666+05:30  INFO 32900 --- [FuelBackend] [main] o.a.c.c.C.[Tomcat].[localhost].[/]       : Initializing Spring embedded WebApplicationContext
2024-12-17T06:40:18.667+05:30  INFO 32900 --- [FuelBackend] [main] w.s.c.ServletWebServerApplicationContext : Root WebApplicationContext: initialization completed in 1720 ms
2024-12-17T06:40:18.887+05:30  INFO 32900 --- [FuelBackend] [main] o.hibernate.jpa.internal.util.LogHelper  : HHH000204: Processing PersistenceUnitInfo [name: default]
2024-12-17T06:40:18.940+05:30  INFO 32900 --- [FuelBackend] [main] org.hibernate.Version                    : HHH000412: Hibernate ORM core version 6.6.2.Final
2024-12-17T06:40:18.978+05:30  INFO 32900 --- [FuelBackend] [main] o.h.c.internal.RegionFactoryInitiator    : HHH000026: Second-level cache disabled
2024-12-17T06:40:19.268+05:30  INFO 32900 --- [FuelBackend] [main] o.s.o.j.p.SpringPersistenceUnitInfo      : No LoadTimeWeaver setup: ignoring JPA class transformer
2024-12-17T06:40:19.301+05:30  INFO 32900 --- [FuelBackend] [main] com.zaxxer.hikari.HikariDataSource       : HikariPool-1 - Starting...
2024-12-17T06:40:19.304+05:30  WARN 32900 --- [FuelBackend] [main] c.zaxxer.hikari.util.DriverDataSource    : Registered driver with driverClassName=com.mysql.jdbc.Driver was not found, trying direct instantiation.
2024-12-17T06:40:19.666+05:30  INFO 32900 --- [FuelBackend] [main] com.zaxxer.hikari.pool.HikariPool        : HikariPool-1 - Added connection com.mysql.cj.jdbc.ConnectionImpl@18b40fe6
2024-12-17T06:40:19.668+05:30  INFO 32900 --- [FuelBackend] [main] com.zaxxer.hikari.HikariDataSource       : HikariPool-1 - Start completed.
2024-12-17T06:40:19.720+05:30  WARN 32900 --- [FuelBackend] [main] org.hibernate.orm.deprecation            : HHH90000025: MySQLDialect does not need to be specified explicitly using 'hibernate.dialect' (remove the property setting and it will be selected by default)
2024-12-17T06:40:19.746+05:30  INFO 32900 --- [FuelBackend] [main] org.hibernate.orm.connections.pooling    : HHH10001005: Database info:
	Database JDBC URL [Connecting through datasource 'HikariDataSource (HikariPool-1)']
	Database driver: undefined/unknown
	Database version: 8.0.36
	Autocommit mode: undefined/unknown
	Isolation level: undefined/unknown
	Minimum pool size: undefined/unknown
	Maximum pool size: undefined/unknown
2024-12-17T06:40:20.563+05:30  INFO 32900 --- [FuelBackend] [main] o.h.e.t.j.p.i.JtaPlatformInitiator       : HHH000489: No JTA platform available (set 'hibernate.transaction.jta.platform' to enable JTA platform integration)
2024-12-17T06:40:20.609+05:30  INFO 32900 --- [FuelBackend] [main] j.LocalContainerEntityManagerFactoryBean : Initialized JPA EntityManagerFactory for persistence unit 'default'
2024-12-17T06:40:20.955+05:30  WARN 32900 --- [FuelBackend] [main] JpaBaseConfiguration$JpaWebConfiguration : spring.jpa.open-in-view is enabled by default. Therefore, database queries may be performed during view rendering. Explicitly configure spring.jpa.open-in-view to disable this warning
2024-12-17T06:40:21.404+05:30  INFO 32900 --- [FuelBackend] [main] o.s.b.w.embedded.tomcat.TomcatWebServer  : Tomcat started on port 8080 (http) with context path '/'
2024-12-17T06:40:21.416+05:30  INFO 32900 --- [FuelBackend] [main] c.k.FuelBackend.FuelBackendApplication   : Started FuelBackendApplication in 5.172 seconds (process running for 5.682)
2024-12-17T06:40:27.076+05:30  INFO 32900 --- [FuelBackend] [http-nio-8080-exec-1] o.a.c.c.C.[Tomcat].[localhost].[/]       : Initializing Spring DispatcherServlet 'dispatcherServlet'
2024-12-17T06:40:27.077+05:30  INFO 32900 --- [FuelBackend] [http-nio-8080-exec-1] o.s.web.servlet.DispatcherServlet        : Initializing Servlet 'dispatcherServlet'
2024-12-17T06:40:27.079+05:30  INFO 32900 --- [FuelBackend] [http-nio-8080-exec-1] o.s.web.servlet.DispatcherServlet        : Completed initialization in 1 ms
2024-12-17T06:40:56.391+05:30  WARN 32900 --- [FuelBackend] [http-nio-8080-exec-3] o.h.engine.jdbc.spi.SqlExceptionHelper   : SQL Error: 1062, SQLState: 23000
2024-12-17T06:40:56.392+05:30 ERROR 32900 --- [FuelBackend] [http-nio-8080-exec-3] o.h.engine.jdbc.spi.SqlExceptionHelper   : Duplicate entry 'thushamadhusanka3@gmail.com' for key 'user.UKob8kqyqqgmefl0aco34akdtpe'
2024-12-17T06:44:08.125+05:30  INFO 32900 --- [FuelBackend] [SpringApplicationShutdownHook] o.s.b.w.e.tomcat.GracefulShutdown        : Commencing graceful shutdown. Waiting for active requests to complete
2024-12-17T06:44:08.140+05:30  INFO 32900 --- [FuelBackend] [tomcat-shutdown] o.s.b.w.e.tomcat.GracefulShutdown        : Graceful shutdown complete
2024-12-17T06:44:08.147+05:30  INFO 32900 --- [FuelBackend] [SpringApplicationShutdownHook] j.LocalContainerEntityManagerFactoryBean : Closing JPA EntityManagerFactory for persistence unit 'default'
2024-12-17T06:44:08.153+05:30  INFO 32900 --- [FuelBackend] [SpringApplicationShutdownHook] com.zaxxer.hikari.HikariDataSource       : HikariPool-1 - Shutdown initiated...
2024-12-17T06:44:08.170+05:30  INFO 32900 --- [FuelBackend] [SpringApplicationShutdownHook] com.zaxxer.hikari.HikariDataSource       : HikariPool-1 - Shutdown completed.
